c:\users\dryan\documents\current classes\gdd 4000\homework\assignment3_gameloop\assignment1\x64\debug\vc141.pdb
c:\users\dryan\documents\current classes\gdd 4000\homework\assignment3_gameloop\assignment1\x64\debug\vc141.idb
c:\users\dryan\documents\current classes\gdd 4000\homework\assignment3_gameloop\assignment1\x64\debug\filesystemmanager.obj
c:\users\dryan\documents\current classes\gdd 4000\homework\assignment3_gameloop\assignment1\x64\debug\gamemanager.obj
c:\users\dryan\documents\current classes\gdd 4000\homework\assignment3_gameloop\assignment1\x64\debug\gameworld.obj
c:\users\dryan\documents\current classes\gdd 4000\homework\assignment3_gameloop\assignment1\x64\debug\imemorymanager.obj
c:\users\dryan\documents\current classes\gdd 4000\homework\assignment3_gameloop\assignment1\x64\debug\physicsmanager.obj
c:\users\dryan\documents\current classes\gdd 4000\homework\assignment3_gameloop\assignment1\x64\debug\main.obj
c:\users\dryan\documents\current classes\gdd 4000\homework\assignment3_gameloop\assignment1\x64\debug\memorymanager.obj
c:\users\dryan\documents\current classes\gdd 4000\homework\assignment3_gameloop\assignment1\x64\debug\monobehaviour.obj
c:\users\dryan\documents\current classes\gdd 4000\homework\assignment3_gameloop\assignment1\x64\debug\rendermanager.obj
c:\users\dryan\documents\current classes\gdd 4000\homework\assignment3_gameloop\assignment1\x64\debug\singleton.obj
c:\users\dryan\documents\current classes\gdd 4000\homework\assignment3_gameloop\assignment1\x64\debug\soundmanager.obj
c:\users\dryan\documents\current classes\gdd 4000\homework\assignment3_gameloop\assignment1\x64\debug\texturemanager.obj
c:\users\dryan\documents\current classes\gdd 4000\homework\assignment3_gameloop\assignment1\x64\debug\animationmanager.obj
c:\users\dryan\documents\current classes\gdd 4000\homework\assignment3_gameloop\assignment1\x64\debug\vector3.obj
c:\users\dryan\documents\current classes\gdd 4000\homework\assignment3_gameloop\x64\debug\assignment1.exe
c:\users\dryan\documents\current classes\gdd 4000\homework\assignment3_gameloop\x64\debug\assignment1.ilk
c:\users\dryan\documents\current classes\gdd 4000\homework\assignment3_gameloop\x64\debug\assignment1.pdb
c:\users\dryan\documents\current classes\gdd 4000\homework\assignment3_gameloop\assignment1\x64\debug\assignment1.tlog\cl.command.1.tlog
c:\users\dryan\documents\current classes\gdd 4000\homework\assignment3_gameloop\assignment1\x64\debug\assignment1.tlog\cl.read.1.tlog
c:\users\dryan\documents\current classes\gdd 4000\homework\assignment3_gameloop\assignment1\x64\debug\assignment1.tlog\cl.write.1.tlog
c:\users\dryan\documents\current classes\gdd 4000\homework\assignment3_gameloop\assignment1\x64\debug\assignment1.tlog\link.command.1.tlog
c:\users\dryan\documents\current classes\gdd 4000\homework\assignment3_gameloop\assignment1\x64\debug\assignment1.tlog\link.read.1.tlog
c:\users\dryan\documents\current classes\gdd 4000\homework\assignment3_gameloop\assignment1\x64\debug\assignment1.tlog\link.write.1.tlog
